<?xml version="1.0" encoding="UTF-8"?>
<testng-results skipped="0" failed="0" ignored="0" total="1" passed="1">
  <reporter-output>
  </reporter-output>
  <suite name="Suite" duration-ms="30" started-at="2021-02-17T13:32:33Z" finished-at="2021-02-17T13:32:33Z">
    <groups>
    </groups>
    <test name="Test" duration-ms="30" started-at="2021-02-17T13:32:33Z" finished-at="2021-02-17T13:32:33Z">
      <class name="test7.Test1">
        <test-method status="PASS" signature="t1()[pri:0, instance:test7.Test1@7995092a]" name="t1" duration-ms="8" started-at="2021-02-17T13:32:33Z" finished-at="2021-02-17T13:32:33Z">
          <reporter-output>
          </reporter-output>
        </test-method> <!-- t1 -->
      </class> <!-- test7.Test1 -->
    </test> <!-- Test -->
  </suite> <!-- Suite -->
</testng-results>
